
<span class="stcmt">// Racial Gaps in Completion Overall and by 8th Grade Achievement Quartiles</span>

<span class="stcmt">// Step 1: Load the college-going analysis file into Stata</span>
use "$data/college_going_analysis", clear

<span class="stcmt">// Step 2: Keep students in ninth grade cohorts you can observe graduating high school AND have non-missing eighth grade math scores</span>
local chrt_ninth_begin = ${chrt_ninth_begin_grad}
local chrt_ninth_end = ${chrt_ninth_end_grad}
keep if (chrt_ninth &gt;= `chrt_ninth_begin' &amp; chrt_ninth &lt;= `chrt_ninth_end') &amp; !mi(test_math_8)

<span class="stcmt">// Step 3: Obtain the average on-time high school completion rate by race/ethnicity; you will restore in step 8</span>
preserve
	collapse (mean) ontime_grad (count) N=sid, by(race_ethnicity)

<span class="stcmt">// Step 4: Multiply the high school completion rate by 100 for graphical representation of the rates</span>
	replace ontime_grad = (ontime_grad * 100)

<span class="stcmt">// Step 5: Reshape the data wide so that each race is associated with the outcome variable</span>
	gen id = _n
	reshape wide ontime_grad, i(id) j(race_ethnicity)

<span class="stcmt">// Step 6: Prepare to graph the results</span>
<span class="stcmt">// Generate a cohort label to be used in the footnote for the graph</span>
local temp_begin = `chrt_ninth_begin'-1
local temp_end = `chrt_ninth_end'-1
if `chrt_ninth_begin'==`chrt_ninth_end' {
    local chrt_label "`temp_begin'-`chrt_ninth_begin'"
}
else {
    local chrt_label "`temp_begin'-`chrt_ninth_begin' through `temp_end'-`chrt_ninth_end'"
}

<span class="stcmt">// Step 7: Graph the results (1/2)</span>
#delimit ;
graph bar ontime_grad3 ontime_grad1 ontime_grad5 ontime_grad2,
    bargap(25) outergap(100)
    bar(1, fcolor(forest_green*.7) lcolor(forest_green*.7))
    bar(2, fcolor(dknavy*.7) lcolor(dknavy*.7))
    bar(3, fcolor(orange*.7) lcolor(orange*.7))
    bar(4, fcolor(lavender*.85) lcolor(lavender*.85))
    blabel(bar, size(small) format(%8.0f))
text(-4 22 "Hispanic", size(small))
text(-4 40 "African American", size(small))
text(-4 59 "White", size(small))
text(-4 77 "Asian American", size(small))
title("On-Time High School Graduation Rates")
    subtitle("by Race")
    ytitle("Percent of Ninth Graders")
    yscale(range(0(20)100))
    ylabel(0(20)100, nogrid)
legend(off)
graphregion(color(white) fcolor(white) lcolor(white))
plotregion(color(white) fcolor(white) lcolor(white))
note(" " " " "Sample: `chrt_label' ${agency_name} first-time ninth graders." "All data from ${agency_name} administrative records.", size(vsmall));
#delimit cr

graph export "figures/C4a_HS_Grad_by_Race.png", replace width(1600) height(1200)

<span class="stcmt">// Step 8: Restore the data and repeat steps 3-6 to obtain completion rates by race/ethnicity and eighth grade test score quartiles</span>
restore
collapse (mean) ontime_grad (count) N=sid, by(race_ethnicity qrt_8_math)
replace ontime_grad = (ontime_grad * 100)
reshape wide ontime_grad, i(qrt_8_math N) j(race_ethnicity)

<span class="stcmt">// Step 9: Graph the results (2/2)</span>
#delimit ;
graph bar ontime_grad3 ontime_grad1 ontime_grad5 ontime_grad2, over(qrt_8_math,
    relabel(1 "Bottom Quartile" 2 "2nd Quartile" 3 "3rd Quartile" 4 "Top Quartile") label(labsize(small)))
    bar(1, fcolor(forest_green*.7) lcolor(forest_green*.7)) bar(2, fcolor(dknavy*.7) lcolor(dknavy*.7))
    bar(3, fcolor(orange*.7) lcolor(orange*.7)) bar(4, fcolor(lavender*.85) lcolor(lavender*.85))
    blabel(bar, format(%8.0f))
title("On-Time High School Graduation Rates")
    subtitle("By Race and Prior Achievement")
    b1title("8th Grade Math Score Test Quartile")
    ytitle("Percent of Ninth Graders") yscale(range(0(20)100)) ylabel(0(20)100, nogrid)
legend(order(1 2 3 4) row(1) label(1 "Hispanic")
    label(2 "African American") label(3 "White") label(4 "Asian American") size(vsmall)
    symxsize(7) position(inside) ring(1) region(lstyle(none)
    lcolor(none) color(none)))
graphregion(color(white) fcolor(white) lcolor(white))
plotregion(color(white) fcolor(white) lcolor(white))
note("Sample: `chrt_label' ${agency_name} first-time ninth graders." "All data from ${agency_name} administrative records.", size(vsmall));
#delimit cr
graph export "figures/C4b_HS_Grad_by_Race_by_Eighth_Qrt.png", replace width(1600) height(1200)

