
<span class="stcmt">// Progression by Student Race/Ethnicity, Among FRPL Students</span>

<span class="stcmt">// Step 1: Load the college-going analysis file into Stata</span>
use "$data/college_going_analysis", clear
 
<span class="stcmt">// Step 2: Keep students in ninth grade cohorts you can observe persisting to the second year of college AND are ever FRPL-eligible</span>
local chrt_ninth_begin = ${chrt_ninth_begin_persist_yr2}
local chrt_ninth_end = ${chrt_ninth_end_persist_yr2}
keep if (chrt_ninth &gt;= `chrt_ninth_begin' &amp; chrt_ninth &lt;= `chrt_ninth_end')
keep if frpl_ever == 1
 
<span class="stcmt">// Next, repeat steps 3-9 from the previous analysis</span>
<span class="stcmt">// Step 3: Create variables for the outcomes "regular diploma recipients", "seamless transitioners" and "second year persisters" .</span>
gen grad = (!mi(chrt_grad) &amp; ontime_grad == 1)
gen seamless_transitioners_any = (enrl_1oct_ninth_yr1_any == 1 &amp; ontime_grad == 1)
gen second_year_persisters = (enrl_1oct_ninth_yr1_any == 1 &amp; enrl_1oct_ninth_yr2_any == 1 &amp; ontime_grad == 1)
 
<span class="stcmt">// Step 4: Create average outcomes by race/ethnicity and drop any race/ethnic groups with fewer than 20 students</span>
collapse (mean) grad seamless_transitioners_any second_year_persisters (count) N=sid, by(race_ethnicity)
drop if N &lt; 20

<span class="stcmt">// Step 5: Format the outcome variables so they read as percentages in the graph</span>
foreach var of varlist grad seamless_transitioners_any second_year_persisters {
	replace `var' = (`var' * 100)
	format `var' %9.1f
}
 
<span class="stcmt">// Step 6: Reformat the data file so that one variable contains all the outcomes of interest</span>
<span class="stcmt">// 1. Create 4 observations for each school: ninth grade, hs graduation, seamless college transition and second-year persistence</span>
foreach i of numlist 1/4 {
	gen time`i' = `i'
}

<span class="stcmt">// 2. Keep only African American, Asian American, Hispanic, and White students</span>
keep if race_ethnicity == 1 | race_ethnicity == 2 | race_ethnicity == 3 | race_ethnicity == 5
sort race_ethnicity
gen sortorder = _n

<span class="stcmt">// 3. Reshape the data file from wide to long</span>
reshape long time , i(sortorder)

<span class="stcmt">// 4. Create a single variable that takes on all the outcomes of interest</span>
bysort race_ethnicity: gen outcome = 100 if time == 1
bysort race_ethnicity: replace outcome = grad if time == 2
bysort race_ethnicity: replace outcome = seamless_transitioners_any if time == 3
bysort race_ethnicity: replace outcome = second_year_persisters if time == 4
format outcome %9.1f
 
<span class="stcmt">// Step 7: Prepare to graph the results</span>
<span class="stcmt">// 1. Label the outcome</span>
label define outcome 1 "Ninth Graders" 2 "On-time Graduates" <span class="stcmt">///</span>
3 "Seamless College Transitioners" 4 "Second Year Persisters"
label values time outcome

<span class="stcmt">// 2. Generate a cohort label to be used in the footnote for the graph</span>
local temp_begin = `chrt_ninth_begin'-1
local temp_end = `chrt_ninth_end'-1
if `chrt_ninth_begin'==`chrt_ninth_end' {
		local chrt_label "`temp_begin'-`chrt_ninth_begin'"
} 
else {
		local chrt_label "`temp_begin'-`chrt_ninth_begin' through `temp_end'-`chrt_ninth_end'"
}
 
<span class="stcmt">// Step 8: Graph the results</span>
#delimit ;
twoway (connected outcome time if race_ethnicity==1 , sort lcolor(dknavy) mlabel(outcome)
		mlabc(black) mlabs(vsmall) mlabp(12) mcolor(dknavy) msymbol(circle) msize(small))
		(connected outcome time if race_ethnicity==3 , sort lcolor(forest_green) lpattern(dash)
		mlabel(outcome) mlabs(vsmall) mlabp(12) mlabc(black) mcolor(forest_green) msize(small))
		(connected outcome time if race_ethnicity==5 , sort lcolor(orange) mlabel(outcome) mlabc(black)
		mlabs(vsmall) mlabp(12) mcolor(orange) msymbol(circle) msize(small)),
title("Student Progression from Ninth Grade Through College", size(medium))
		subtitle("Among Students Qualifying for Free or Reduced Price Lunch" "By Student Race/Ethnicity", size(medsmall))
		xscale(range(.8(.2)4.2))
		xlabel(1 2 3 4, valuelabels labsize(vsmall))
		ytitle("Percent of Ninth Graders")
		yscale(range(0(20)100))
		ylabel(0(20)100, nogrid)
		xtitle("", color(white))
legend(order(3 1 2) col(1) position(2) size(vsmall)
		label(1 "African American Students")
		label(2 "Hispanic Students")
		label(3 "White Students")
		ring(0) region(lpattern(none) lcolor(none) fcolor(none)))
graphregion(color(white) fcolor(white) lcolor(white))
plotregion(color(white) fcolor(white) lcolor(white))
note(" " "Sample: `chrt_label' ${agency_name} first-time ninth graders." "Postsecondary enrollment outcomes from NSC matched records. All other data from ${agency_name} administrative records." , size(vsmall));
#delimit cr

graph export "$figures/A3_Progression_by_RaceEthnicity_Frpl.png", replace width(1600) height(1200)
